INFO: latexindent version 3.4.1, 2018-01-18, a script to indent .tex files
      latexindent lives here: /usr/share/texlive/texmf-dist/scripts/latexindent/
      Sun Sep 23 19:44:09 2018
      Filename: /media/loly/02485E43485E359F/_Escuela/__UH/3er Año/1er Semestre/Matematica Numerica I/CP/Respuestas/CP 3/assignment_3.tex
INFO: Processing switches:
INFO: Directory for backup files and indent.log: /media/loly/02485E43485E359F/_Escuela/__UH/3er Año/1er Semestre/Matematica Numerica I/CP/Respuestas/CP 3
INFO: YAML settings read: defaultSettings.yaml
      Reading defaultSettings.yaml from /usr/share/texlive/texmf-dist/scripts/latexindent/defaultSettings.yaml
INFO: YAML settings read: indentconfig.yaml or .indentconfig.yaml
      Home directory is /home/loly (didn't find either indentconfig.yaml or .indentconfig.yaml)
      To specify user settings you would put indentconfig.yaml here: /home/loly/indentconfig.yaml
      Alternatively, you can use the hidden file .indentconfig.yaml as: /home/loly/.indentconfig.yaml
INFO: Phase 1: searching for objects
INFO: Phase 2: finding surrounding indentation
INFO: Phase 3: indenting objects
INFO: Phase 4: final indentation check
INFO: Output routine:
      Not outputting to file; see -w and -o switches for more options.
      --------------
INFO: Please direct all communication/issues to:
      https://github.com/cmhughes/latexindent.pl
